This is pdfTeX, Version 3.14159265-2.6-1.40.16 (MiKTeX 2.9 64-bit) (preloaded format=pdflatex 2016.5.2)  27 DEC 2016 11:15
entering extended mode
**"./NG Creator Manual.tex"
("NG Creator Manual.tex"
LaTeX2e <2016/03/31>
Babel <3.9r> and hyphenation patterns for 75 language(s) loaded.
("C:\Program Files\MiKTeX 2.9\tex\latex\base\article.cls"
Document Class: article 2014/09/29 v1.4h Standard LaTeX document class
("C:\Program Files\MiKTeX 2.9\tex\latex\base\size10.clo"
File: size10.clo 2014/09/29 v1.4h Standard LaTeX file (size option)
)
\c@part=\count79
\c@section=\count80
\c@subsection=\count81
\c@subsubsection=\count82
\c@paragraph=\count83
\c@subparagraph=\count84
\c@figure=\count85
\c@table=\count86
\abovecaptionskip=\skip41
\belowcaptionskip=\skip42
\bibindent=\dimen102
)
("C:\Program Files\MiKTeX 2.9\tex\latex\base\ifthen.sty"
Package: ifthen 2014/09/29 v1.1c Standard LaTeX ifthen package (DPC)
)
("C:\Program Files\MiKTeX 2.9\tex\latex\graphics\graphicx.sty"
Package: graphicx 2014/10/28 v1.0g Enhanced LaTeX Graphics (DPC,SPQR)

("C:\Program Files\MiKTeX 2.9\tex\latex\graphics\keyval.sty"
Package: keyval 2014/10/28 v1.15 key=value parser (DPC)
\KV@toks@=\toks14
)
("C:\Program Files\MiKTeX 2.9\tex\latex\graphics\graphics.sty"
Package: graphics 2016/01/03 v1.0q Standard LaTeX Graphics (DPC,SPQR)

("C:\Program Files\MiKTeX 2.9\tex\latex\graphics\trig.sty"
Package: trig 2016/01/03 v1.10 sin cos tan (DPC)
)
("C:\Program Files\MiKTeX 2.9\tex\latex\00miktex\graphics.cfg"
File: graphics.cfg 2016/01/02 v1.10 sample graphics configuration
)
Package graphics Info: Driver file: pdftex.def on input line 95.

("C:\Program Files\MiKTeX 2.9\tex\latex\pdftex-def\pdftex.def"
File: pdftex.def 2011/05/27 v0.06d Graphics/color for pdfTeX

("C:\Program Files\MiKTeX 2.9\tex\generic\oberdiek\infwarerr.sty"
Package: infwarerr 2010/04/08 v1.3 Providing info/warning/error messages (HO)
)
("C:\Program Files\MiKTeX 2.9\tex\generic\oberdiek\ltxcmds.sty"
Package: ltxcmds 2011/11/09 v1.22 LaTeX kernel commands for general use (HO)
)
\Gread@gobject=\count87
))
\Gin@req@height=\dimen103
\Gin@req@width=\dimen104
)
("C:\Program Files\MiKTeX 2.9\tex\latex\hyperref\hyperref.sty"
Package: hyperref 2012/11/06 v6.83m Hypertext links for LaTeX

("C:\Program Files\MiKTeX 2.9\tex\generic\oberdiek\hobsub-hyperref.sty"
Package: hobsub-hyperref 2012/04/25 v1.12 Bundle oberdiek, subset hyperref (HO)


("C:\Program Files\MiKTeX 2.9\tex\generic\oberdiek\hobsub-generic.sty"
Package: hobsub-generic 2012/04/25 v1.12 Bundle oberdiek, subset generic (HO)
Package: hobsub 2012/04/25 v1.12 Construct package bundles (HO)
Package hobsub Info: Skipping package `infwarerr' (already loaded).
Package hobsub Info: Skipping package `ltxcmds' (already loaded).
Package: ifluatex 2010/03/01 v1.3 Provides the ifluatex switch (HO)
Package ifluatex Info: LuaTeX not detected.
Package: ifvtex 2010/03/01 v1.5 Detect VTeX and its facilities (HO)
Package ifvtex Info: VTeX not detected.
Package: intcalc 2007/09/27 v1.1 Expandable calculations with integers (HO)
Package: ifpdf 2011/01/30 v2.3 Provides the ifpdf switch (HO)
Package ifpdf Info: pdfTeX in PDF mode is detected.
Package: etexcmds 2011/02/16 v1.5 Avoid name clashes with e-TeX commands (HO)
Package etexcmds Info: Could not find \expanded.
(etexcmds)             That can mean that you are not using pdfTeX 1.50 or
(etexcmds)             that some package has redefined \expanded.
(etexcmds)             In the latter case, load this package earlier.
Package: kvsetkeys 2012/04/25 v1.16 Key value parser (HO)
Package: kvdefinekeys 2011/04/07 v1.3 Define keys (HO)
Package: pdftexcmds 2011/11/29 v0.20 Utility functions of pdfTeX for LuaTeX (HO
)
Package pdftexcmds Info: LuaTeX not detected.
Package pdftexcmds Info: \pdf@primitive is available.
Package pdftexcmds Info: \pdf@ifprimitive is available.
Package pdftexcmds Info: \pdfdraftmode found.
Package: pdfescape 2011/11/25 v1.13 Implements pdfTeX's escape features (HO)
Package: bigintcalc 2012/04/08 v1.3 Expandable calculations on big integers (HO
)
Package: bitset 2011/01/30 v1.1 Handle bit-vector datatype (HO)
Package: uniquecounter 2011/01/30 v1.2 Provide unlimited unique counter (HO)
)
Package hobsub Info: Skipping package `hobsub' (already loaded).
Package: letltxmacro 2010/09/02 v1.4 Let assignment for LaTeX macros (HO)
Package: hopatch 2011/06/24 v1.1 Wrapper for package hooks (HO)
Package: xcolor-patch 2011/01/30 xcolor patch
Package: atveryend 2011/06/30 v1.8 Hooks at the very end of document (HO)
Package atveryend Info: \enddocument detected (standard20110627).
Package: atbegshi 2011/10/05 v1.16 At begin shipout hook (HO)
Package: refcount 2011/10/16 v3.4 Data extraction from label references (HO)
Package: hycolor 2011/01/30 v1.7 Color options for hyperref/bookmark (HO)
)
("C:\Program Files\MiKTeX 2.9\tex\generic\ifxetex\ifxetex.sty"
Package: ifxetex 2010/09/12 v0.6 Provides ifxetex conditional
)
("C:\Program Files\MiKTeX 2.9\tex\latex\oberdiek\auxhook.sty"
Package: auxhook 2011/03/04 v1.3 Hooks for auxiliary files (HO)
)
("C:\Program Files\MiKTeX 2.9\tex\latex\oberdiek\kvoptions.sty"
Package: kvoptions 2011/06/30 v3.11 Key value format for package options (HO)
)
\@linkdim=\dimen105
\Hy@linkcounter=\count88
\Hy@pagecounter=\count89

("C:\Program Files\MiKTeX 2.9\tex\latex\hyperref\pd1enc.def"
File: pd1enc.def 2012/11/06 v6.83m Hyperref: PDFDocEncoding definition (HO)
)
\Hy@SavedSpaceFactor=\count90

("C:\Program Files\MiKTeX 2.9\tex\latex\00miktex\hyperref.cfg"
File: hyperref.cfg 2002/06/06 v1.2 hyperref configuration of TeXLive
)
Package hyperref Info: Hyper figures OFF on input line 4443.
Package hyperref Info: Link nesting OFF on input line 4448.
Package hyperref Info: Hyper index ON on input line 4451.
Package hyperref Info: Plain pages OFF on input line 4458.
Package hyperref Info: Backreferencing OFF on input line 4463.
Package hyperref Info: Implicit mode ON; LaTeX internals redefined.
Package hyperref Info: Bookmarks ON on input line 4688.
\c@Hy@tempcnt=\count91

("C:\Program Files\MiKTeX 2.9\tex\latex\url\url.sty"
\Urlmuskip=\muskip10
Package: url 2013/09/16  ver 3.4  Verb mode for urls, etc.
)
LaTeX Info: Redefining \url on input line 5041.
\XeTeXLinkMargin=\dimen106
\Fld@menulength=\count92
\Field@Width=\dimen107
\Fld@charsize=\dimen108
Package hyperref Info: Hyper figures OFF on input line 6295.
Package hyperref Info: Link nesting OFF on input line 6300.
Package hyperref Info: Hyper index ON on input line 6303.
Package hyperref Info: backreferencing OFF on input line 6310.
Package hyperref Info: Link coloring OFF on input line 6315.
Package hyperref Info: Link coloring with OCG OFF on input line 6320.
Package hyperref Info: PDF/A mode OFF on input line 6325.
LaTeX Info: Redefining \ref on input line 6365.
LaTeX Info: Redefining \pageref on input line 6369.
\Hy@abspage=\count93
\c@Item=\count94
\c@Hfootnote=\count95
)

Package hyperref Message: Driver (autodetected): hpdftex.

("C:\Program Files\MiKTeX 2.9\tex\latex\hyperref\hpdftex.def"
File: hpdftex.def 2012/11/06 v6.83m Hyperref driver for pdfTeX
\Fld@listcount=\count96
\c@bookmark@seq@number=\count97

("C:\Program Files\MiKTeX 2.9\tex\latex\oberdiek\rerunfilecheck.sty"
Package: rerunfilecheck 2011/04/15 v1.7 Rerun checks for auxiliary files (HO)
Package uniquecounter Info: New unique counter `rerunfilecheck' on input line 2
82.
)
\Hy@SectionHShift=\skip43
)
("NG Creator Manual.aux")
\openout1 = `"NG Creator Manual.aux"'.

LaTeX Font Info:    Checking defaults for OML/cmm/m/it on input line 17.
LaTeX Font Info:    ... okay on input line 17.
LaTeX Font Info:    Checking defaults for T1/cmr/m/n on input line 17.
LaTeX Font Info:    ... okay on input line 17.
LaTeX Font Info:    Checking defaults for OT1/cmr/m/n on input line 17.
LaTeX Font Info:    ... okay on input line 17.
LaTeX Font Info:    Checking defaults for OMS/cmsy/m/n on input line 17.
LaTeX Font Info:    ... okay on input line 17.
LaTeX Font Info:    Checking defaults for OMX/cmex/m/n on input line 17.
LaTeX Font Info:    ... okay on input line 17.
LaTeX Font Info:    Checking defaults for U/cmr/m/n on input line 17.
LaTeX Font Info:    ... okay on input line 17.
LaTeX Font Info:    Checking defaults for PD1/pdf/m/n on input line 17.
LaTeX Font Info:    ... okay on input line 17.

("C:\Program Files\MiKTeX 2.9\tex\context\base\supp-pdf.mkii"
[Loading MPS to PDF converter (version 2006.09.02).]
\scratchcounter=\count98
\scratchdimen=\dimen109
\scratchbox=\box26
\nofMPsegments=\count99
\nofMParguments=\count100
\everyMPshowfont=\toks15
\MPscratchCnt=\count101
\MPscratchDim=\dimen110
\MPnumerator=\count102
\makeMPintoPDFobject=\count103
\everyMPtoPDFconversion=\toks16
) ("C:\Program Files\MiKTeX 2.9\tex\latex\oberdiek\epstopdf-base.sty"
Package: epstopdf-base 2010/02/09 v2.5 Base part for package epstopdf

("C:\Program Files\MiKTeX 2.9\tex\latex\oberdiek\grfext.sty"
Package: grfext 2010/08/19 v1.1 Manage graphics extensions (HO)
)
Package grfext Info: Graphics extension search list:
(grfext)             [.png,.pdf,.jpg,.mps,.jpeg,.jbig2,.jb2,.PNG,.PDF,.JPG,.JPE
G,.JBIG2,.JB2,.eps]
(grfext)             \AppendGraphicsExtensions on input line 452.
)
\AtBeginShipoutBox=\box27
Package hyperref Info: Link coloring OFF on input line 17.

("C:\Program Files\MiKTeX 2.9\tex\latex\hyperref\nameref.sty"
Package: nameref 2012/10/27 v2.43 Cross-referencing by name of section

("C:\Program Files\MiKTeX 2.9\tex\generic\oberdiek\gettitlestring.sty"
Package: gettitlestring 2010/12/03 v1.4 Cleanup title references (HO)
)
\c@section@level=\count104
)
LaTeX Info: Redefining \ref on input line 17.
LaTeX Info: Redefining \pageref on input line 17.
LaTeX Info: Redefining \nameref on input line 17.

("NG Creator Manual.out") ("NG Creator Manual.out")
\@outlinefile=\write3
\openout3 = `"NG Creator Manual.out"'.

LaTeX Font Info:    External font `cmex10' loaded for size
(Font)              <12> on input line 20.
LaTeX Font Info:    External font `cmex10' loaded for size
(Font)              <8> on input line 20.
LaTeX Font Info:    External font `cmex10' loaded for size
(Font)              <6> on input line 20.


LaTeX Warning: No \author given.

<error.png, id=75, 51.392pt x 51.392pt>
File: error.png Graphic file (type png)
 <use error.png>
Package pdftex.def Info: error.png used on input line 26.
(pdftex.def)             Requested size: 11.38075pt x 11.38075pt.
LaTeX Font Info:    External font `cmex10' loaded for size
(Font)              <7> on input line 26.
LaTeX Font Info:    External font `cmex10' loaded for size
(Font)              <5> on input line 26.

Overfull \hbox (57.54585pt too wide) in paragraph at lines 26--26
 [] 
 []

<warning.png, id=76, 385.44pt x 385.44pt>
File: warning.png Graphic file (type png)
 <use warning.png>
Package pdftex.def Info: warning.png used on input line 27.
(pdftex.def)             Requested size: 11.38037pt x 11.38037pt.

Overfull \hbox (57.0136pt too wide) in paragraph at lines 27--27
 [] 
 []


Underfull \hbox (badness 10000) in paragraph at lines 28--29

 []


Underfull \hbox (badness 10000) in paragraph at lines 30--31

 []

[1

{C:/Users/Dennis/AppData/Local/MiKTeX/2.9/pdftex/config/pdftex.map} <./error.pn
g> <./warning.png>]
File: error.png Graphic file (type png)
 <use error.png>
Package pdftex.def Info: error.png used on input line 39.
(pdftex.def)             Requested size: 11.38075pt x 11.38075pt.

Overfull \hbox (57.54585pt too wide) in paragraph at lines 39--39
 [] 
 []

File: warning.png Graphic file (type png)
<use warning.png>
Package pdftex.def Info: warning.png used on input line 58.
(pdftex.def)             Requested size: 11.38037pt x 11.38037pt.

Overfull \hbox (57.0136pt too wide) in paragraph at lines 58--58
 [] 
 []

File: error.png Graphic file (type png)
<use error.png>
Package pdftex.def Info: error.png used on input line 62.
(pdftex.def)             Requested size: 11.38075pt x 11.38075pt.

Overfull \hbox (57.54585pt too wide) in paragraph at lines 62--62
 [] 
 []

File: warning.png Graphic file (type png)
<use warning.png>
Package pdftex.def Info: warning.png used on input line 63.
(pdftex.def)             Requested size: 11.38037pt x 11.38037pt.

Overfull \hbox (57.0136pt too wide) in paragraph at lines 63--63
 [] 
 []

File: warning.png Graphic file (type png)
<use warning.png>
Package pdftex.def Info: warning.png used on input line 66.
(pdftex.def)             Requested size: 11.38037pt x 11.38037pt.

Overfull \hbox (57.0136pt too wide) in paragraph at lines 66--66
 [] 
 []

[2]
File: warning.png Graphic file (type png)
 <use warning.png>
Package pdftex.def Info: warning.png used on input line 70.
(pdftex.def)             Requested size: 11.38037pt x 11.38037pt.

Overfull \hbox (57.0136pt too wide) in paragraph at lines 70--70
 [] 
 []

File: warning.png Graphic file (type png)
<use warning.png>
Package pdftex.def Info: warning.png used on input line 71.
(pdftex.def)             Requested size: 11.38037pt x 11.38037pt.

Overfull \hbox (57.0136pt too wide) in paragraph at lines 71--71
 [] 
 []

File: warning.png Graphic file (type png)
<use warning.png>
Package pdftex.def Info: warning.png used on input line 72.
(pdftex.def)             Requested size: 11.38037pt x 11.38037pt.

Overfull \hbox (57.0136pt too wide) in paragraph at lines 72--72
 [] 
 []

File: warning.png Graphic file (type png)
<use warning.png>
Package pdftex.def Info: warning.png used on input line 77.
(pdftex.def)             Requested size: 11.38037pt x 11.38037pt.

Overfull \hbox (57.0136pt too wide) in paragraph at lines 77--77
 [] 
 []

File: warning.png Graphic file (type png)
<use warning.png>
Package pdftex.def Info: warning.png used on input line 78.
(pdftex.def)             Requested size: 11.38037pt x 11.38037pt.

Overfull \hbox (57.0136pt too wide) in paragraph at lines 78--78
 [] 
 []

File: warning.png Graphic file (type png)
<use warning.png>
Package pdftex.def Info: warning.png used on input line 81.
(pdftex.def)             Requested size: 11.38037pt x 11.38037pt.

Overfull \hbox (57.0136pt too wide) in paragraph at lines 81--81
 [] 
 []

[3]
File: error.png Graphic file (type png)
 <use error.png>
Package pdftex.def Info: error.png used on input line 86.
(pdftex.def)             Requested size: 11.38075pt x 11.38075pt.

Overfull \hbox (57.54585pt too wide) in paragraph at lines 86--86
 [] 
 []


Underfull \hbox (badness 10000) in paragraph at lines 87--88

 []

LaTeX Font Info:    Try loading font information for OMS+cmr on input line 91.
("C:\Program Files\MiKTeX 2.9\tex\latex\base\omscmr.fd"
File: omscmr.fd 2014/09/29 v2.5h Standard LaTeX font definitions
)
LaTeX Font Info:    Font shape `OMS/cmr/m/n' in size <10> not available
(Font)              Font shape `OMS/cmsy/m/n' tried instead on input line 91.
File: error.png Graphic file (type png)
 <use error.png>
Package pdftex.def Info: error.png used on input line 96.
(pdftex.def)             Requested size: 11.38075pt x 11.38075pt.

Overfull \hbox (57.54585pt too wide) in paragraph at lines 96--96
 [] 
 []

File: error.png Graphic file (type png)
<use error.png>
Package pdftex.def Info: error.png used on input line 97.
(pdftex.def)             Requested size: 11.38075pt x 11.38075pt.

Overfull \hbox (57.54585pt too wide) in paragraph at lines 97--97
 [] 
 []

[4]
File: warning.png Graphic file (type png)
 <use warning.png>
Package pdftex.def Info: warning.png used on input line 98.
(pdftex.def)             Requested size: 11.38037pt x 11.38037pt.

Overfull \hbox (57.0136pt too wide) in paragraph at lines 98--98
 [] 
 []


Overfull \hbox (76.43217pt too wide) in paragraph at lines 100--126
[] 
 []

File: warning.png Graphic file (type png)
<use warning.png>
Package pdftex.def Info: warning.png used on input line 129.
(pdftex.def)             Requested size: 11.38037pt x 11.38037pt.

Overfull \hbox (57.0136pt too wide) in paragraph at lines 129--129
 [] 
 []

[5]
Package atveryend Info: Empty hook `BeforeClearDocument' on input line 134.

Overfull \hbox (15.72725pt too wide) in paragraph at lines 133--134
\OT1/cmr/m/n/10 SELF[]STAT refers to sta-tuses af-fect-ing the char-ac-ter you'
re work-ing on, OPP[]STAT
 []

[6]
Package atveryend Info: Empty hook `AfterLastShipout' on input line 134.
 ("NG Creator Manual.aux")
Package atveryend Info: Executing hook `AtVeryEndDocument' on input line 134.
Package atveryend Info: Executing hook `AtEndAfterFileList' on input line 134.


Package rerunfilecheck Warning: File `"NG Creator Manual".out' has changed.
(rerunfilecheck)                Rerun to get outlines right
(rerunfilecheck)                or use package `bookmark'.

Package rerunfilecheck Info: Checksums for `"NG Creator Manual".out':
(rerunfilecheck)             Before: 9FF86237580C1E3AC0B606A58A6D0BBA;989
(rerunfilecheck)             After:  F5CA3CD4793AE5B42EEF60AC0CCB63E5;940.
Package atveryend Info: Empty hook `AtVeryVeryEnd' on input line 134.
 ) 
Here is how much of TeX's memory you used:
 5170 strings out of 493340
 76523 string characters out of 3139334
 166793 words of memory out of 3000000
 8649 multiletter control sequences out of 15000+200000
 8409 words of font info for 30 fonts, out of 3000000 for 9000
 1141 hyphenation exceptions out of 8191
 29i,9n,28p,951b,378s stack positions out of 5000i,500n,10000p,200000b,50000s
pdfTeX warning (dest): name{section.6} has been referenced but does not exist
, replaced by a fixed one

<C:/Program Files/MiKTeX 2.9/fonts/type1/public/amsfonts/cm/cmbx10.pfb><C:/Prog
ram Files/MiKTeX 2.9/fonts/type1/public/amsfonts/cm/cmbx12.pfb><C:/Program File
s/MiKTeX 2.9/fonts/type1/public/amsfonts/cm/cmr10.pfb><C:/Program Files/MiKTeX 
2.9/fonts/type1/public/amsfonts/cm/cmr12.pfb><C:/Program Files/MiKTeX 2.9/fonts
/type1/public/amsfonts/cm/cmr17.pfb><C:/Program Files/MiKTeX 2.9/fonts/type1/pu
blic/amsfonts/cm/cmsy10.pfb><C:/Program Files/MiKTeX 2.9/fonts/type1/public/ams
fonts/cm/cmti10.pfb><C:/Program Files/MiKTeX 2.9/fonts/type1/public/amsfonts/cm
/cmtt10.pfb>
Output written on "NG Creator Manual.pdf" (6 pages, 133578 bytes).
PDF statistics:
 148 PDF objects out of 1000 (max. 8388607)
 25 named destinations out of 1000 (max. 500000)
 155 words of extra memory for PDF output out of 10000 (max. 10000000)

